----------------------------------------------
11:57:50 268 Class: Regexs     Method: RunPatternRegular
System.ArgumentException: parsing "[-]{37}
DATE: \d+\.\d+\.\d+      TIME: (?<Time>\d+:\d+:\d+
[\s\S]*?
[-]{37}" - Not enough )'s.
   at System.Text.RegularExpressions.RegexParser.ScanRegex()
   at System.Text.RegularExpressions.RegexParser.Parse(String re, RegexOptions op)
   at System.Text.RegularExpressions.Regex..ctor(String pattern, RegexOptions options, TimeSpan matchTimeout, Boolean useCache)
   at System.Text.RegularExpressions.Regex..ctor(String pattern, RegexOptions options, TimeSpan matchTimeout)
   at Transaction_Statistical.Regexs.RunPatternRegular(String sString, String sReg, Dictionary`2& listResult) in D:\05-TEMP\Source\GitHub\ToolTCB\Transaction Statistical\Class\Defind.cs:line 1456
----------------------------------------------

----------------------------------------------
13:02:26 523 Class: Auto Task
   => Task name: test1
   => Task data: 02:00;DAILY;;1|65|D:\06-NPSS\Tool_TraSoat\LOG tech\LOG tech\60File|D:\Export|[0, Cân Quỹ Theo Counter Trên Máy];[1, GD Tài Chính];[2, GD Tài Chính Không Thành Công];[3, GD Tài Chính Bất Thường];[4, BC Hoạt Động Bất Thường]
   => Template id: 65
   => Load Template Info => Successfully
   => Data source: D:\06-NPSS\Tool_TraSoat\LOG tech\LOG tech\60File
   => Found: 60 files
   => Read begin: 13:02:26 674 
   => Read time: 34 s
   =>Transactions: 7490
   =>Files: 60
   => Export begin: 13:03:01 491 
   => Export destination: D:\Export
   => Export forms: System.Collections.Generic.Dictionary`2+ValueCollection[System.Int32,System.String]
   => Export time:50 s
   ==> File: D:\Export\TransactionStatistical_20191218_13-03.xlsx, size 2320 kb
   ==> Auto end, result => Successfully
----------------------------------------------

