----------------------------------------------
08:29:18 591 Class: <FindEventDevice2Async>d__40
Method: MoveNext
System.Collections.Generic.KeyNotFoundException: The given key was not present in the dictionary.
   at System.Collections.Generic.Dictionary`2.get_Item(TKey key)
   at Transaction_Statistical.ReadTransaction.<FindEventDevice2Async>d__40.MoveNext()
----------------------------------------------

----------------------------------------------
08:29:28 929 Class: <FindEventDevice2Async>d__40
Method: MoveNext
System.Collections.Generic.KeyNotFoundException: The given key was not present in the dictionary.
   at System.Collections.Generic.Dictionary`2.get_Item(TKey key)
   at Transaction_Statistical.ReadTransaction.<FindEventDevice2Async>d__40.MoveNext()
----------------------------------------------

----------------------------------------------
13:46:33 322 Class: UC_Menu_Startup
Method: dataGridView_lsPermissions_CellClick
System.IndexOutOfRangeException: Index was outside the bounds of the array.
   at Transaction_Statistical.UC_Menu_Startup.dataGridView_lsPermissions_CellClick(Object sender, DataGridViewCellEventArgs e) in D:\05-TEMP\Source\GitHub\ToolTCB\Transaction Statistical\UControl\UC_Menu_Startup.cs:line 268
----------------------------------------------

----------------------------------------------
14:06:02 183 Class: Auto Task
   => Task name: Test
----------------------------------------------
14:06:02 207 Class: <AutoStart>d__21
Method: MoveNext
System.IndexOutOfRangeException: There is no row at position 0.
   at System.Data.RBTree`1.GetNodeByIndex(Int32 userIndex)
   at System.Data.DataRowCollection.get_Item(Int32 index)
   at Transaction_Statistical.SQLiteHelper.GetRowDataWith2ColumnName(String TableName, String ColumnName1, String Equals1, String ColumnName2, String Equals2) in D:\05-TEMP\Source\GitHub\ToolTCB\Transaction Statistical\Class\SQLiteHelper.cs:line 1213
   at Transaction_Statistical.InitParametar.<AutoStart>d__21.MoveNext() in D:\05-TEMP\Source\GitHub\ToolTCB\Transaction Statistical\Class\Defind.cs:line 95
----------------------------------------------

There is no row at position 0.
----------------------------------------------

   ==> Auto end, result => Unsuccessfully
----------------------------------------------

