----------------------------------------------
13:10:42 931 Class: InitParametar     Method: Init
System.NullReferenceException: Object reference not set to an instance of an object.
   at Transaction_Statistical.ReadTransaction.LoadTemplateInfo() in D:\05-TEMP\Source\GitHub\ToolTCB\Transaction Statistical\Class\Defind.cs:line 352
   at Transaction_Statistical.ReadTransaction..ctor() in D:\05-TEMP\Source\GitHub\ToolTCB\Transaction Statistical\Class\Defind.cs:line 323
   at Transaction_Statistical.InitParametar.Init() in D:\05-TEMP\Source\GitHub\ToolTCB\Transaction Statistical\Class\Defind.cs:line 80
----------------------------------------------

----------------------------------------------
13:42:47 585 Class: Auto Task
   => Task name: test1
   => Task data: 02:00;DAILY;;1|65|D:\06-NPSS\Tool_TraSoat\LOG tech\LOG tech\60File|D:\Export|[0, Cân Quỹ Theo Counter Trên Máy];[1, GD Tài Chính];[2, GD Tài Chính Không Thành Công];[3, GD Tài Chính Bất Thường];[4, BC Hoạt Động Bất Thường]
   => Template id: 65
   => Load Template Info => Successfully
   => Data source: D:\06-NPSS\Tool_TraSoat\LOG tech\LOG tech\60File
   => Found: 60 files
   => Read begin: 13:42:47 647 
   => Read time: 42 s
   =>Transactions: 7491
   =>Files: 60
   => Export begin: 13:43:29 990 
   => Export destination: D:\Export
   => Export forms: System.Collections.Generic.Dictionary`2+ValueCollection[System.Int32,System.String]
   => Export time:58 s
   ==> File: D:\Export\TransactionStatistical_20191217_13-43.xlsx, size 2335 kb
   ==> Auto end, result => Successfully
----------------------------------------------

----------------------------------------------
16:48:37 563 Class: ReadTransaction     Method: SplitRequest
System.Collections.Generic.KeyNotFoundException: The given key was not present in the dictionary.
   at System.Collections.Generic.Dictionary`2.get_Item(TKey key)
   at Transaction_Statistical.ReadTransaction.SplitRequest(Transaction& transaction)
----------------------------------------------

----------------------------------------------
16:54:46 528 Class: <SplitRequest>d__42     Method: MoveNext
System.Collections.Generic.KeyNotFoundException: The given key was not present in the dictionary.
   at System.Collections.Generic.Dictionary`2.get_Item(TKey key)
   at Transaction_Statistical.ReadTransaction.<SplitRequest>d__42.MoveNext() in D:\05-TEMP\Source\GitHub\ToolTCB\Transaction Statistical\Class\Defind.cs:line 1072
----------------------------------------------

----------------------------------------------
16:55:41 397 Class: <SplitRequest>d__42     Method: MoveNext
System.Collections.Generic.KeyNotFoundException: The given key was not present in the dictionary.
   at System.Collections.Generic.Dictionary`2.get_Item(TKey key)
   at Transaction_Statistical.ReadTransaction.<SplitRequest>d__42.MoveNext() in D:\05-TEMP\Source\GitHub\ToolTCB\Transaction Statistical\Class\Defind.cs:line 1072
----------------------------------------------

----------------------------------------------
16:55:41 520 Class: <SplitRequest>d__42     Method: MoveNext
System.Collections.Generic.KeyNotFoundException: The given key was not present in the dictionary.
   at System.Collections.Generic.Dictionary`2.get_Item(TKey key)
   at Transaction_Statistical.ReadTransaction.<SplitRequest>d__42.MoveNext() in D:\05-TEMP\Source\GitHub\ToolTCB\Transaction Statistical\Class\Defind.cs:line 1072
----------------------------------------------

----------------------------------------------
16:55:41 613 Class: <SplitRequest>d__42     Method: MoveNext
System.Collections.Generic.KeyNotFoundException: The given key was not present in the dictionary.
   at System.Collections.Generic.Dictionary`2.get_Item(TKey key)
   at Transaction_Statistical.ReadTransaction.<SplitRequest>d__42.MoveNext() in D:\05-TEMP\Source\GitHub\ToolTCB\Transaction Statistical\Class\Defind.cs:line 1072
----------------------------------------------

----------------------------------------------
16:59:59 416 Class: <SplitRequest>d__42     Method: MoveNext
System.Collections.Generic.KeyNotFoundException: The given key was not present in the dictionary.
   at System.Collections.Generic.Dictionary`2.get_Item(TKey key)
   at Transaction_Statistical.ReadTransaction.<SplitRequest>d__42.MoveNext() in D:\05-TEMP\Source\GitHub\ToolTCB\Transaction Statistical\Class\Defind.cs:line 1072
----------------------------------------------

----------------------------------------------
17:01:21 453 Class: <SplitRequest>d__42     Method: MoveNext
System.Collections.Generic.KeyNotFoundException: The given key was not present in the dictionary.
   at System.Collections.Generic.Dictionary`2.get_Item(TKey key)
   at Transaction_Statistical.ReadTransaction.<SplitRequest>d__42.MoveNext() in D:\05-TEMP\Source\GitHub\ToolTCB\Transaction Statistical\Class\Defind.cs:line 1072
----------------------------------------------

----------------------------------------------
23:17:49 920 Class: Auto Task
   => Task name: Test
----------------------------------------------
23:17:50 223 Class: <AutoStart>d__24     Method: MoveNext
System.IndexOutOfRangeException: There is no row at position 0.
   at System.Data.RBTree`1.GetNodeByIndex(Int32 userIndex)
   at System.Data.DataRowCollection.get_Item(Int32 index)
   at Transaction_Statistical.SQLiteHelper.GetRowDataWith2ColumnName(String TableName, String ColumnName1, String Equals1, String ColumnName2, String Equals2) in D:\05-TEMP\Source\GitHub\ToolTCB\Transaction Statistical\Class\SQLiteHelper.cs:line 1213
   at Transaction_Statistical.InitParametar.<AutoStart>d__24.MoveNext() in D:\05-TEMP\Source\GitHub\ToolTCB\Transaction Statistical\Class\Defind.cs:line 96
----------------------------------------------

There is no row at position 0.
----------------------------------------------

   ==> Auto end, result => Unsuccessfully
----------------------------------------------

