----------------------------------------------
11:14:32 176 Class: UC_Menu_Startup
Method: dataGridView_lsPermissions_CellClick
System.IndexOutOfRangeException: Index was outside the bounds of the array.
   at Transaction_Statistical.UC_Menu_Startup.dataGridView_lsPermissions_CellClick(Object sender, DataGridViewCellEventArgs e) in D:\05-TEMP\Source\GitHub\ToolTCB\Transaction Statistical\UControl\UC_Menu_Startup.cs:line 268
----------------------------------------------

----------------------------------------------
11:14:40 686 Class: UC_Menu_Startup
Method: dataGridView_lsPermissions_CellClick
System.IndexOutOfRangeException: Index was outside the bounds of the array.
   at Transaction_Statistical.UC_Menu_Startup.dataGridView_lsPermissions_CellClick(Object sender, DataGridViewCellEventArgs e) in D:\05-TEMP\Source\GitHub\ToolTCB\Transaction Statistical\UControl\UC_Menu_Startup.cs:line 268
----------------------------------------------

----------------------------------------------
11:15:09 467 Class: UC_Menu_Startup
Method: dataGridView_lsPermissions_CellClick
System.IndexOutOfRangeException: Index was outside the bounds of the array.
   at Transaction_Statistical.UC_Menu_Startup.dataGridView_lsPermissions_CellClick(Object sender, DataGridViewCellEventArgs e) in D:\05-TEMP\Source\GitHub\ToolTCB\Transaction Statistical\UControl\UC_Menu_Startup.cs:line 268
----------------------------------------------

----------------------------------------------
11:15:14 214 Class: UC_Menu_Startup
Method: dataGridView_lsPermissions_CellClick
System.IndexOutOfRangeException: Index was outside the bounds of the array.
   at Transaction_Statistical.UC_Menu_Startup.dataGridView_lsPermissions_CellClick(Object sender, DataGridViewCellEventArgs e) in D:\05-TEMP\Source\GitHub\ToolTCB\Transaction Statistical\UControl\UC_Menu_Startup.cs:line 268
----------------------------------------------

----------------------------------------------
11:15:23 600 Class: UC_Menu_Startup
Method: dataGridView_lsPermissions_CellClick
System.IndexOutOfRangeException: Index was outside the bounds of the array.
   at Transaction_Statistical.UC_Menu_Startup.dataGridView_lsPermissions_CellClick(Object sender, DataGridViewCellEventArgs e) in D:\05-TEMP\Source\GitHub\ToolTCB\Transaction Statistical\UControl\UC_Menu_Startup.cs:line 268
----------------------------------------------

----------------------------------------------
11:15:39 483 Class: UC_Menu_Startup
Method: dataGridView_lsPermissions_CellClick
System.IndexOutOfRangeException: Index was outside the bounds of the array.
   at Transaction_Statistical.UC_Menu_Startup.dataGridView_lsPermissions_CellClick(Object sender, DataGridViewCellEventArgs e) in D:\05-TEMP\Source\GitHub\ToolTCB\Transaction Statistical\UControl\UC_Menu_Startup.cs:line 268
----------------------------------------------

----------------------------------------------
11:16:02 434 Class: UC_Menu_Startup
Method: dataGridView_lsPermissions_CellClick
System.IndexOutOfRangeException: Index was outside the bounds of the array.
   at Transaction_Statistical.UC_Menu_Startup.dataGridView_lsPermissions_CellClick(Object sender, DataGridViewCellEventArgs e) in D:\05-TEMP\Source\GitHub\ToolTCB\Transaction Statistical\UControl\UC_Menu_Startup.cs:line 268
----------------------------------------------

----------------------------------------------
14:06:02 853 Class: Auto Task
   => Task name: Test
----------------------------------------------
14:06:03 046 Class: <AutoStart>d__21
Method: MoveNext
System.IndexOutOfRangeException: There is no row at position 0.
   at System.Data.RBTree`1.GetNodeByIndex(Int32 userIndex)
   at System.Data.DataRowCollection.get_Item(Int32 index)
   at Transaction_Statistical.SQLiteHelper.GetRowDataWith2ColumnName(String TableName, String ColumnName1, String Equals1, String ColumnName2, String Equals2) in D:\05-TEMP\Source\GitHub\ToolTCB\Transaction Statistical\Class\SQLiteHelper.cs:line 1213
   at Transaction_Statistical.InitParametar.<AutoStart>d__21.MoveNext() in D:\05-TEMP\Source\GitHub\ToolTCB\Transaction Statistical\Class\Defind.cs:line 95
----------------------------------------------

There is no row at position 0.
----------------------------------------------

   ==> Auto end, result => Unsuccessfully
----------------------------------------------

