----------------------------------------------
10:28:00 801 Class: UC_Menu_Startup
Method: LoadTemplate
System.ArgumentOutOfRangeException: InvalidArgument=Value of '0' is not valid for 'index'.
Parameter name: index
   at System.Windows.Forms.CheckedListBox.SetItemCheckState(Int32 index, CheckState value)
   at System.Windows.Forms.CheckedListBox.SetItemChecked(Int32 index, Boolean value)
   at Transaction_Statistical.UC_Menu_Startup.<LoadTemplate>b__10_0(KeyValuePair`2 x) in D:\05-TEMP\Source\GitHub\ToolTCB\Transaction Statistical\UControl\UC_Menu_Startup.cs:line 68
   at System.Collections.Generic.List`1.ForEach(Action`1 action)
   at Transaction_Statistical.UC_Menu_Startup.LoadTemplate() in D:\05-TEMP\Source\GitHub\ToolTCB\Transaction Statistical\UControl\UC_Menu_Startup.cs:line 68
----------------------------------------------

----------------------------------------------
10:31:06 903 Class: UC_Menu_Startup
Method: LoadTemplate
System.ArgumentOutOfRangeException: InvalidArgument=Value of '0' is not valid for 'index'.
Parameter name: index
   at System.Windows.Forms.CheckedListBox.SetItemCheckState(Int32 index, CheckState value)
   at System.Windows.Forms.CheckedListBox.SetItemChecked(Int32 index, Boolean value)
   at Transaction_Statistical.UC_Menu_Startup.<LoadTemplate>b__10_0(KeyValuePair`2 x) in D:\05-TEMP\Source\GitHub\ToolTCB\Transaction Statistical\UControl\UC_Menu_Startup.cs:line 68
   at System.Collections.Generic.List`1.ForEach(Action`1 action)
   at Transaction_Statistical.UC_Menu_Startup.LoadTemplate() in D:\05-TEMP\Source\GitHub\ToolTCB\Transaction Statistical\UControl\UC_Menu_Startup.cs:line 68
----------------------------------------------

----------------------------------------------
10:35:20 748 Class: UC_Menu_Startup
Method: LoadTemplate
System.ArgumentOutOfRangeException: InvalidArgument=Value of '0' is not valid for 'index'.
Parameter name: index
   at System.Windows.Forms.CheckedListBox.SetItemCheckState(Int32 index, CheckState value)
   at System.Windows.Forms.CheckedListBox.SetItemChecked(Int32 index, Boolean value)
   at Transaction_Statistical.UC_Menu_Startup.<LoadTemplate>b__10_0(KeyValuePair`2 x) in D:\05-TEMP\Source\GitHub\ToolTCB\Transaction Statistical\UControl\UC_Menu_Startup.cs:line 68
   at System.Collections.Generic.List`1.ForEach(Action`1 action)
   at Transaction_Statistical.UC_Menu_Startup.LoadTemplate() in D:\05-TEMP\Source\GitHub\ToolTCB\Transaction Statistical\UControl\UC_Menu_Startup.cs:line 68
----------------------------------------------

