----------------------------------------------
14:06:03 854 Class: Auto Task
   => Task name: Test
----------------------------------------------
14:06:03 962 Class: <AutoStart>d__21
Method: MoveNext
System.IndexOutOfRangeException: There is no row at position 0.
   at System.Data.RBTree`1.GetNodeByIndex(Int32 userIndex)
   at System.Data.DataRowCollection.get_Item(Int32 index)
   at Transaction_Statistical.SQLiteHelper.GetRowDataWith2ColumnName(String TableName, String ColumnName1, String Equals1, String ColumnName2, String Equals2) in D:\05-TEMP\Source\GitHub\ToolTCB\Transaction Statistical\Class\SQLiteHelper.cs:line 1213
   at Transaction_Statistical.InitParametar.<AutoStart>d__21.MoveNext() in D:\05-TEMP\Source\GitHub\ToolTCB\Transaction Statistical\Class\Defind.cs:line 95
----------------------------------------------

There is no row at position 0.
----------------------------------------------

   ==> Auto end, result => Unsuccessfully
----------------------------------------------

----------------------------------------------
17:20:05 390 Class: UC_Menu_Startup
Method: dataGridView_lsPermissions_CellClick
System.IndexOutOfRangeException: Index was outside the bounds of the array.
   at Transaction_Statistical.UC_Menu_Startup.dataGridView_lsPermissions_CellClick(Object sender, DataGridViewCellEventArgs e) in D:\05-TEMP\Source\GitHub\ToolTCB\Transaction Statistical\UControl\UC_Menu_Startup.cs:line 268
----------------------------------------------

----------------------------------------------
17:24:04 023 Class: UC_Menu_Startup
Method: dataGridView_lsPermissions_CellClick
System.IndexOutOfRangeException: Index was outside the bounds of the array.
   at Transaction_Statistical.UC_Menu_Startup.dataGridView_lsPermissions_CellClick(Object sender, DataGridViewCellEventArgs e) in D:\05-TEMP\Source\GitHub\ToolTCB\Transaction Statistical\UControl\UC_Menu_Startup.cs:line 268
----------------------------------------------

----------------------------------------------
17:25:37 455 Class: UC_Menu_Startup
Method: dataGridView_lsPermissions_CellClick
System.IndexOutOfRangeException: Index was outside the bounds of the array.
   at Transaction_Statistical.UC_Menu_Startup.dataGridView_lsPermissions_CellClick(Object sender, DataGridViewCellEventArgs e) in D:\05-TEMP\Source\GitHub\ToolTCB\Transaction Statistical\UControl\UC_Menu_Startup.cs:line 268
----------------------------------------------

----------------------------------------------
20:27:06 775 Class: UC_Menu_Startup
Method: dataGridView_lsPermissions_CellClick
System.IndexOutOfRangeException: Index was outside the bounds of the array.
   at Transaction_Statistical.UC_Menu_Startup.dataGridView_lsPermissions_CellClick(Object sender, DataGridViewCellEventArgs e) in D:\05-TEMP\Source\GitHub\ToolTCB\Transaction Statistical\UControl\UC_Menu_Startup.cs:line 268
----------------------------------------------

