----------------------------------------------
14:04:19 912 Class: UC_Transaction
Method: btn_Export_Click
System.NullReferenceException: Object reference not set to an instance of an object.
   at Transaction_Statistical.UControl.UC_ExportCus.InitializeComponent() in D:\05-TEMP\Source\GitHub\ToolTCB\Transaction Statistical\UControl\UC_ExportCus.Designer.cs:line 135
   at Transaction_Statistical.UControl.UC_ExportCus..ctor() in D:\05-TEMP\Source\GitHub\ToolTCB\Transaction Statistical\UControl\UC_ExportCus.cs:line 20
   at Transaction_Statistical.UControl.UC_Transaction.btn_Export_Click(Object sender, EventArgs e) in D:\05-TEMP\Source\GitHub\ToolTCB\Transaction Statistical\UControl\UC_Transaction.cs:line 534
----------------------------------------------

----------------------------------------------
15:10:39 807 Class: Auto Task
   => Task name: Test
----------------------------------------------
15:10:39 830 Class: <AutoStart>d__21
Method: MoveNext
System.IndexOutOfRangeException: There is no row at position 0.
   at System.Data.RBTree`1.GetNodeByIndex(Int32 userIndex)
   at System.Data.DataRowCollection.get_Item(Int32 index)
   at Transaction_Statistical.SQLiteHelper.GetRowDataWith2ColumnName(String TableName, String ColumnName1, String Equals1, String ColumnName2, String Equals2) in D:\05-TEMP\Source\GitHub\ToolTCB\Transaction Statistical\Class\SQLiteHelper.cs:line 1213
   at Transaction_Statistical.InitParametar.<AutoStart>d__21.MoveNext() in D:\05-TEMP\Source\GitHub\ToolTCB\Transaction Statistical\Class\Defind.cs:line 95
----------------------------------------------

There is no row at position 0.
----------------------------------------------

   ==> Auto end, result => Unsuccessfully
----------------------------------------------

----------------------------------------------
15:10:44 213 Class: UC_Transaction
Method: btn_Export_Click
System.NullReferenceException: Object reference not set to an instance of an object.
   at Transaction_Statistical.UControl.UC_ExportCus.InitializeComponent() in D:\05-TEMP\Source\GitHub\ToolTCB\Transaction Statistical\UControl\UC_ExportCus.Designer.cs:line 135
   at Transaction_Statistical.UControl.UC_ExportCus..ctor() in D:\05-TEMP\Source\GitHub\ToolTCB\Transaction Statistical\UControl\UC_ExportCus.cs:line 20
   at Transaction_Statistical.UControl.UC_Transaction.btn_Export_Click(Object sender, EventArgs e) in D:\05-TEMP\Source\GitHub\ToolTCB\Transaction Statistical\UControl\UC_Transaction.cs:line 534
----------------------------------------------

