----------------------------------------------
09:44:23 323  On Start Service.
 Load Tasks.
 Load for user: TanySmile
 Task name: task
     Task time: 10:27
     Task type: DAILY => 
 Load for user: Test
 Task name: test
     Task time: 19:00
     Task type: DAILY => 
 Init Service Finished.
----------------------------------------------

----------------------------------------------
09:44:32 019 Stop service.
----------------------------------------------
09:44:32 036 Class: TransactionStatisticalScheduler
Method: Startup
System.Threading.ThreadAbortException: Thread was being aborted.
   at System.Threading.Thread.SleepInternal(Int32 millisecondsTimeout)
   at System.Threading.Thread.Sleep(Int32 millisecondsTimeout)
   at System.Threading.Thread.Sleep(TimeSpan timeout)
   at Transaction_Statistical_Scheduler.TransactionStatisticalScheduler.Startup()
----------------------------------------------

----------------------------------------------
10:37:59 655  On Start Service.
 Load Tasks.
 Load for user: TanySmile
 Task name: task
     Task time: 10:27
     Task type: DAILY => 
 Load for user: Test
 Task name: test
     Task time: 19:00
     Task type: DAILY => 
 Init Service Finished.
----------------------------------------------

----------------------------------------------
10:38:21 561  On Start Service.
 Load Tasks.
 Load for user: TanySmile
 Task name: task
     Task time: 10:27
     Task type: DAILY => 
 Load for user: Test
 Task name: test
     Task time: 19:00
     Task type: DAILY => 
 Init Service Finished.
----------------------------------------------

----------------------------------------------
10:39:30 217 Class: TransactionStatisticalScheduler
Method: OnChanged
System.IO.IOException: The process cannot access the file 'D:\05-TEMP\Source\GitHub\ToolTCB\Transaction Statistical\bin\Debug\command.txt' because it is being used by another process.
   at System.IO.__Error.WinIOError(Int32 errorCode, String maybeFullPath)
   at System.IO.FileStream.Init(String path, FileMode mode, FileAccess access, Int32 rights, Boolean useRights, FileShare share, Int32 bufferSize, FileOptions options, SECURITY_ATTRIBUTES secAttrs, String msgPath, Boolean bFromProxy, Boolean useLongPath, Boolean checkHost)
   at System.IO.FileStream..ctor(String path, FileMode mode, FileAccess access, FileShare share, Int32 bufferSize, FileOptions options, String msgPath, Boolean bFromProxy, Boolean useLongPath, Boolean checkHost)
   at System.IO.StreamReader..ctor(String path, Encoding encoding, Boolean detectEncodingFromByteOrderMarks, Int32 bufferSize, Boolean checkHost)
   at System.IO.StreamReader..ctor(String path, Encoding encoding)
   at System.IO.File.InternalReadAllLines(String path, Encoding encoding)
   at System.IO.File.ReadAllLines(String path)
   at Transaction_Statistical_Scheduler.TransactionStatisticalScheduler.OnChanged(Object source, FileSystemEventArgs e)
----------------------------------------------

----------------------------------------------
10:39:30 239 Get command from tool.
----------------------------------------------
 Command: [2020-03-02 10:39:30 [WFA] ReloadTask]
 Load Tasks.
 Load for user: TanySmile
 Task name: task
     Task time: 10:27
     Task type: DAILY => 
 Load for user: Test
 Task name: test
     Task time: 19:00
     Task type: DAILY => 
----------------------------------------------
10:42:24 990 Class: TransactionStatisticalScheduler
Method: OnChanged
System.IO.IOException: The process cannot access the file 'D:\05-TEMP\Source\GitHub\ToolTCB\Transaction Statistical\bin\Debug\command.txt' because it is being used by another process.
   at System.IO.__Error.WinIOError(Int32 errorCode, String maybeFullPath)
   at System.IO.FileStream.Init(String path, FileMode mode, FileAccess access, Int32 rights, Boolean useRights, FileShare share, Int32 bufferSize, FileOptions options, SECURITY_ATTRIBUTES secAttrs, String msgPath, Boolean bFromProxy, Boolean useLongPath, Boolean checkHost)
   at System.IO.FileStream..ctor(String path, FileMode mode, FileAccess access, FileShare share, Int32 bufferSize, FileOptions options, String msgPath, Boolean bFromProxy, Boolean useLongPath, Boolean checkHost)
   at System.IO.StreamReader..ctor(String path, Encoding encoding, Boolean detectEncodingFromByteOrderMarks, Int32 bufferSize, Boolean checkHost)
   at System.IO.StreamReader..ctor(String path, Encoding encoding)
   at System.IO.File.InternalReadAllLines(String path, Encoding encoding)
   at System.IO.File.ReadAllLines(String path)
   at Transaction_Statistical_Scheduler.TransactionStatisticalScheduler.OnChanged(Object source, FileSystemEventArgs e)
----------------------------------------------

----------------------------------------------
10:42:24 998 Get command from tool.
----------------------------------------------
 Command: [2020-03-02 10:42:24 [WFA] ReloadTask]
 Load Tasks.
 Load for user: TanySmile
 Task name: task
     Task time: 10:27
     Task type: DAILY => 
 Task name: task1
     Task time: 10:27
     Task type: DAILY => 
 Load for user: Test
 Task name: test
     Task time: 19:00
     Task type: DAILY => 
----------------------------------------------
10:57:54 655 Class: TransactionStatisticalScheduler
Method: OnChanged
System.IO.IOException: The process cannot access the file 'D:\05-TEMP\Source\GitHub\ToolTCB\Transaction Statistical\bin\Debug\command.txt' because it is being used by another process.
   at System.IO.__Error.WinIOError(Int32 errorCode, String maybeFullPath)
   at System.IO.FileStream.Init(String path, FileMode mode, FileAccess access, Int32 rights, Boolean useRights, FileShare share, Int32 bufferSize, FileOptions options, SECURITY_ATTRIBUTES secAttrs, String msgPath, Boolean bFromProxy, Boolean useLongPath, Boolean checkHost)
   at System.IO.FileStream..ctor(String path, FileMode mode, FileAccess access, FileShare share, Int32 bufferSize, FileOptions options, String msgPath, Boolean bFromProxy, Boolean useLongPath, Boolean checkHost)
   at System.IO.StreamReader..ctor(String path, Encoding encoding, Boolean detectEncodingFromByteOrderMarks, Int32 bufferSize, Boolean checkHost)
   at System.IO.StreamReader..ctor(String path, Encoding encoding)
   at System.IO.File.InternalReadAllLines(String path, Encoding encoding)
   at System.IO.File.ReadAllLines(String path)
   at Transaction_Statistical_Scheduler.TransactionStatisticalScheduler.OnChanged(Object source, FileSystemEventArgs e)
----------------------------------------------

----------------------------------------------
10:57:54 998 Get command from tool.
----------------------------------------------
 Command: [2020-03-02 10:57:54 [WFA] ReloadTask]
 Load Tasks.
 Load for user: TanySmile
 Task name: task
     Task time: 10:27
     Task type: DAILY => 
 Task name: task1
     Task time: 10:27
     Task type: DAILY => 
 Load for user: Test
 Task name: test
     Task time: 19:00
     Task type: DAILY => 
----------------------------------------------
11:04:15 688 Stop service.
----------------------------------------------
11:04:17 449 Class: TransactionStatisticalScheduler
Method: Startup
System.Threading.ThreadAbortException: Thread was being aborted.
   at System.Threading.Thread.SleepInternal(Int32 millisecondsTimeout)
   at System.Threading.Thread.Sleep(Int32 millisecondsTimeout)
   at System.Threading.Thread.Sleep(TimeSpan timeout)
   at Transaction_Statistical_Scheduler.TransactionStatisticalScheduler.Startup()
----------------------------------------------

----------------------------------------------
11:16:30 063  On Start Service.
 Load Tasks.
 Load for user: TanySmile
 Task name: task
     Task time: 10:27
     Task type: DAILY => 
 Task name: task1
     Task time: 10:27
     Task type: DAILY => 
 Load for user: Test
 Task name: test
     Task time: 19:00
     Task type: DAILY => 
 Init Service Finished.
----------------------------------------------

----------------------------------------------
11:18:35 694  On Start Service.
 Load Tasks.
 Load for user: TanySmile
 Task name: task
     Task time: 10:27
     Task type: DAILY => 
 Task name: task1
     Task time: 10:27
     Task type: DAILY => 
 Load for user: Test
 Task name: test
     Task time: 19:00
     Task type: DAILY => 
 Init Service Finished.
----------------------------------------------

----------------------------------------------
11:19:08 039  On Start Service.
 Load Tasks.
 Load for user: TanySmile
 Task name: task
     Task time: 10:27
     Task type: DAILY => 
 Task name: task1
     Task time: 10:27
     Task type: DAILY => 
 Load for user: Test
 Task name: test
     Task time: 19:00
     Task type: DAILY => 
 Init Service Finished.
----------------------------------------------

----------------------------------------------
11:20:35 775 Get command from tool.
----------------------------------------------
 Command: [2020-03-02 11:02:13 [WFA] ReloadTask]
 Load Tasks.
 Load for user: TanySmile
 Task name: task
     Task time: 10:27
     Task type: DAILY => 
 Task name: task1
     Task time: 10:27
     Task type: DAILY => 
 Load for user: Test
 Task name: test
     Task time: 19:00
     Task type: DAILY => 
----------------------------------------------
11:23:30 648  On Start Service.
 Load Tasks.
 Load for user: TanySmile
 Task name: task
     Task time: 10:27
     Task type: DAILY => 
 Task name: task1
     Task time: 10:27
     Task type: DAILY => 
 Load for user: Test
 Task name: test
     Task time: 19:00
     Task type: DAILY => 
 Init Service Finished.
----------------------------------------------

----------------------------------------------
11:24:17 709 Get command from tool.
----------------------------------------------
 Command: [asdf\]
 Command invalid.
----------------------------------------------

----------------------------------------------
11:27:56 216  On Start Service.
 Load Tasks.
 Load for user: TanySmile
 Task name: task
     Task time: 10:27
     Task type: DAILY => 
 Task name: task1
     Task time: 10:27
     Task type: DAILY => 
 Load for user: Test
 Task name: test
     Task time: 19:00
     Task type: DAILY => 
 Init Service Finished.
----------------------------------------------

----------------------------------------------
11:28:07 672  On Start Service.
 Load Tasks.
 Load for user: TanySmile
 Task name: task
     Task time: 10:27
     Task type: DAILY => 
 Task name: task1
     Task time: 10:27
     Task type: DAILY => 
 Load for user: Test
 Task name: test
     Task time: 19:00
     Task type: DAILY => 
 Init Service Finished.
----------------------------------------------

----------------------------------------------
11:32:45 108 Stop service.
----------------------------------------------
11:32:45 119 Class: TransactionStatisticalScheduler
Method: Startup
System.Threading.ThreadAbortException: Thread was being aborted.
   at System.Threading.Thread.SleepInternal(Int32 millisecondsTimeout)
   at System.Threading.Thread.Sleep(Int32 millisecondsTimeout)
   at System.Threading.Thread.Sleep(TimeSpan timeout)
   at Transaction_Statistical_Scheduler.TransactionStatisticalScheduler.Startup()
----------------------------------------------

----------------------------------------------
11:33:43 224  On Start Service.
 Load Tasks.
 Load for user: TanySmile
 Task name: task
     Task time: 10:27
     Task type: DAILY => 
 Task name: task1
     Task time: 10:27
     Task type: DAILY => 
 Load for user: Test
 Task name: test
     Task time: 19:00
     Task type: DAILY => 
 Init Service Finished.
----------------------------------------------

----------------------------------------------
11:33:43 751 Get command from tool.
----------------------------------------------
 Command: [2020-03-02 11:31:44 [WFA] ReloadTask]
 Load Tasks.
 Load for user: TanySmile
 Task name: task
     Task time: 10:27
     Task type: DAILY => 
 Task name: task1
     Task time: 10:27
     Task type: DAILY => 
 Load for user: Test
 Task name: test
     Task time: 19:00
     Task type: DAILY => 
----------------------------------------------
11:34:06 303  On Start Service.
 Load Tasks.
 Load for user: TanySmile
 Task name: task
     Task time: 10:27
     Task type: DAILY => 
 Task name: task1
     Task time: 10:27
     Task type: DAILY => 
 Load for user: Test
 Task name: test
     Task time: 19:00
     Task type: DAILY => 
 Init Service Finished.
----------------------------------------------

----------------------------------------------
11:35:28 903  On Start Service.
 Load Tasks.
 Load for user: TanySmile
 Task name: task
     Task time: 10:27
     Task type: DAILY => 
 Task name: task1
     Task time: 10:27
     Task type: DAILY => 
 Load for user: Test
 Task name: test
     Task time: 19:00
     Task type: DAILY => 
 Init Service Finished.
----------------------------------------------

----------------------------------------------
11:36:20 020 Get command from tool.
----------------------------------------------
 Command: [2020-03-02 11:36:19 [WFA] ReloadTask]
 Load Tasks.
 Load for user: TanySmile
 Task name: task
     Task time: 10:27
     Task type: DAILY => 
 Task name: task1
     Task time: 10:27
     Task type: DAILY => 
 Load for user: Test
 Task name: test
     Task time: 19:00
     Task type: DAILY => 
----------------------------------------------
11:36:47 208 Get command from tool.
----------------------------------------------
 Command: [2020-03-02 11:36:47 [WFA] ReloadTask]
 Load Tasks.
 Load for user: TanySmile
 Task name: task
     Task time: 10:27
     Task type: DAILY => 
 Task name: task1
     Task time: 10:27
     Task type: DAILY => 
 Task name: task12
     Task time: 10:27
     Task type: DAILY => 
 Load for user: Test
 Task name: test
     Task time: 19:00
     Task type: DAILY => 
----------------------------------------------
15:13:16 267 Get command from tool.
----------------------------------------------
 Command: [2020-03-02 15:13:16 [WFA] ReloadTask]
 Load Tasks.
 Load for user: TanySmile
 Task name: task
     Task time: 10:27
     Task type: DAILY => 
 Task name: task1
     Task time: 10:27
     Task type: DAILY => 
 Load for user: Test
 Task name: test
     Task time: 19:00
     Task type: DAILY => 
----------------------------------------------
15:14:11 700  On Start Service.
 Load Tasks.
 Load for user: TanySmile
 Task name: task
     Task time: 10:27
     Task type: DAILY => 
 Task name: task1
     Task time: 10:27
     Task type: DAILY => 
 Load for user: Test
 Task name: test
     Task time: 19:00
     Task type: DAILY => 
 Init Service Finished.
----------------------------------------------

----------------------------------------------
16:26:43 898  On Start Service.
 Load Tasks.
 Load for user: TanySmile
 Task name: task
     Task time: 10:27
     Task type: DAILY => 
 Task name: task1
     Task time: 10:27
     Task type: DAILY => 
 Load for user: Test
 Task name: test
     Task time: 19:00
     Task type: DAILY => 
 Init Service Finished.
----------------------------------------------

----------------------------------------------
17:15:04 146 Get command from tool.
----------------------------------------------
 Command: [2020-03-02 17:15:03 [WFA] ReloadTask]
 Load Tasks.
 Load for user: TanySmile
 Task name: task
     Task time: 10:27
     Task type: DAILY => 
 Task name: task1
     Task time: 10:27
     Task type: DAILY => 
 Load for user: Test
 Task name: test
     Task time: 19:00
     Task type: DAILY => 
----------------------------------------------
17:15:20 456 Get command from tool.
----------------------------------------------
 Command: [2020-03-02 17:15:20 [WFA] ReloadTask]
 Load Tasks.
 Load for user: TanySmile
 Task name: task
     Task time: 10:27
     Task type: DAILY => 
 Load for user: Test
 Task name: test
     Task time: 19:00
     Task type: DAILY => 
----------------------------------------------
17:15:30 039 Get command from tool.
----------------------------------------------
 Command: [2020-03-02 17:15:29 [WFA] ReloadTask]
 Load Tasks.
 Load for user: TanySmile
 Load for user: Test
 Task name: test
     Task time: 19:00
     Task type: DAILY => 
----------------------------------------------
17:15:41 622 Get command from tool.
----------------------------------------------
 Command: [2020-03-02 17:15:41 [WFA] ReloadTask]
 Load Tasks.
 Load for user: TanySmile
 Task name: task
     Task time: 17:18
     Task type: DAILY => 
 Load for user: Test
 Task name: test
     Task time: 19:00
     Task type: DAILY => 
----------------------------------------------
17:17:00 001 Start Task: task for user: TanySmile
----------------------------------------------
 StartInfo -> FileName -> D:\05-TEMP\Source\GitHub\ToolTCB\Transaction Statistical\bin\Debug\Transaction Statistical.exe
----------------------------------------------
 StartInfo -> Arguments -> "TanySmile" "task"
----------------------------------------------
17:17:02 390 End Task
----------------------------------------------
17:18:00 408 Get command from tool.
----------------------------------------------
 Command: [2020-03-02 17:18:00 [WFA] ReloadTask]
 Load Tasks.
 Load for user: TanySmile
 Task name: task
     Task time: 17:19
     Task type: DAILY => 
 Load for user: Test
 Task name: test
     Task time: 19:00
     Task type: DAILY => 
----------------------------------------------
17:22:55 463 Get command from tool.
----------------------------------------------
 Command: [2020-03-02 17:22:55 [WFA] 2020-03-02 17:22:55 [WFA] RunTask TanySmile/task]
----------------------------------------------
17:22:55 477 Start Task: task for user: TanySmile
----------------------------------------------
 StartInfo -> FileName -> D:\05-TEMP\Source\GitHub\ToolTCB\Transaction Statistical\bin\Debug\Transaction Statistical.exe
----------------------------------------------
 StartInfo -> Arguments -> "TanySmile" "task"
----------------------------------------------
17:22:56 081 End Task
----------------------------------------------
17:25:28 320 Get command from tool.
----------------------------------------------
 Command: [2020-03-02 17:25:27 [WFA] ReloadTask]
 Load Tasks.
 Load for user: TanySmile
 Task name: task
     Task time: 17:19
     Task type: DAILY => 
 Load for user: Test
 Task name: test
     Task time: 19:00
     Task type: DAILY => 
----------------------------------------------
17:25:40 415 Get command from tool.
----------------------------------------------
 Command: [2020-03-02 17:25:39 [WFA] ReloadTask]
 Load Tasks.
 Load for user: TanySmile
 Task name: task
     Task time: 17:28
     Task type: DAILY => 
 Load for user: Test
 Task name: test
     Task time: 19:00
     Task type: DAILY => 
----------------------------------------------
17:30:32 453 Get command from tool.
----------------------------------------------
 Command: [2020-03-02 17:30:31 [WFA] 2020-03-02 17:30:31 [WFA] RunTask TanySmile/task]
----------------------------------------------
17:30:32 488 Start Task: task for user: TanySmile
----------------------------------------------
 StartInfo -> FileName -> D:\05-TEMP\Source\GitHub\ToolTCB\Transaction Statistical\bin\Debug\Transaction Statistical.exe
----------------------------------------------
 StartInfo -> Arguments -> "TanySmile" "task"
----------------------------------------------
17:31:01 768 End Task
----------------------------------------------
17:34:05 561 Get command from tool.
----------------------------------------------
 Command: [2020-03-02 17:34:05 [WFA] ReloadTask]
 Load Tasks.
 Load for user: TanySmile
 Task name: task
     Task time: 17:35
     Task type: DAILY => 
 Load for user: Test
 Task name: test
     Task time: 19:00
     Task type: DAILY => 
----------------------------------------------
17:36:00 303 Get command from tool.
----------------------------------------------
 Command: [2020-03-02 17:35:59 [WFA] ReloadTask]
 Load Tasks.
 Load for user: TanySmile
 Task name: task
     Task time: 17:37
     Task type: DAILY => 
 Load for user: Test
 Task name: test
     Task time: 19:00
     Task type: DAILY => 
----------------------------------------------
17:36:09 861 Stop service.
----------------------------------------------
17:36:09 947 Class: TransactionStatisticalScheduler
Method: Startup
System.Threading.ThreadAbortException: Thread was being aborted.
   at System.Threading.Thread.SleepInternal(Int32 millisecondsTimeout)
   at System.Threading.Thread.Sleep(Int32 millisecondsTimeout)
   at System.Threading.Thread.Sleep(TimeSpan timeout)
   at Transaction_Statistical_Scheduler.TransactionStatisticalScheduler.Startup()
----------------------------------------------

----------------------------------------------
17:36:12 923  On Start Service.
 Load Tasks.
 Load for user: TanySmile
 Task name: task
     Task time: 17:37
     Task type: DAILY => 
 Load for user: Test
 Task name: test
     Task time: 19:00
     Task type: DAILY => 
 Init Service Finished.
----------------------------------------------

----------------------------------------------
17:38:12 311 Stop service.
----------------------------------------------
17:38:12 324 Class: TransactionStatisticalScheduler
Method: Startup
System.Threading.ThreadAbortException: Thread was being aborted.
   at System.Threading.Thread.SleepInternal(Int32 millisecondsTimeout)
   at System.Threading.Thread.Sleep(Int32 millisecondsTimeout)
   at System.Threading.Thread.Sleep(TimeSpan timeout)
   at Transaction_Statistical_Scheduler.TransactionStatisticalScheduler.Startup()
----------------------------------------------

