----------------------------------------------
16:15:37 986 Class: Regexs
Method: RunPatternRegular
System.ArgumentException: parsing "(?<Time>[0-9][0-9]:[0-9][0-9:]:[0-9][0-9]) Error event: (?<Status>(^\d+{4}-0000))" - Nested quantifier {.
   at System.Text.RegularExpressions.RegexParser.ScanRegex()
   at System.Text.RegularExpressions.RegexParser.Parse(String re, RegexOptions op)
   at System.Text.RegularExpressions.Regex..ctor(String pattern, RegexOptions options, TimeSpan matchTimeout, Boolean useCache)
   at System.Text.RegularExpressions.Regex..ctor(String pattern, RegexOptions options)
   at Transaction_Statistical.Regexs.RunPatternRegular(String sString, String sReg, Dictionary`2& listResult) in D:\05-TEMP\Source\GitHub\ToolTCB\Transaction Statistical\Class\Defind.cs:line 1582
----------------------------------------------

----------------------------------------------
16:25:29 437 Class: Regexs
Method: RunPatternRegular
System.ArgumentException: parsing "(?<Time>[0-9][0-9]:[0-9][0-9:]:[0-9][0-9]) Error event: (?<Status>([1-9]+|\w+-\d+)" - Not enough )'s.
   at System.Text.RegularExpressions.RegexParser.ScanRegex()
   at System.Text.RegularExpressions.RegexParser.Parse(String re, RegexOptions op)
   at System.Text.RegularExpressions.Regex..ctor(String pattern, RegexOptions options, TimeSpan matchTimeout, Boolean useCache)
   at System.Text.RegularExpressions.Regex..ctor(String pattern, RegexOptions options)
   at Transaction_Statistical.Regexs.RunPatternRegular(String sString, String sReg, Dictionary`2& listResult) in D:\05-TEMP\Source\GitHub\ToolTCB\Transaction Statistical\Class\Defind.cs:line 1582
----------------------------------------------

----------------------------------------------
16:27:59 301 Class: Regexs
Method: RunPatternRegular
System.ArgumentException: parsing "(?<Time>[0-9][0-9]:[0-9][0-9:]:[0-9][0-9]) Error event: [^DEPOSIT&^WITHDRAWAL])" - Too many )'s.
   at System.Text.RegularExpressions.RegexParser.ScanRegex()
   at System.Text.RegularExpressions.RegexParser.Parse(String re, RegexOptions op)
   at System.Text.RegularExpressions.Regex..ctor(String pattern, RegexOptions options, TimeSpan matchTimeout, Boolean useCache)
   at System.Text.RegularExpressions.Regex..ctor(String pattern, RegexOptions options)
   at Transaction_Statistical.Regexs.RunPatternRegular(String sString, String sReg, Dictionary`2& listResult) in D:\05-TEMP\Source\GitHub\ToolTCB\Transaction Statistical\Class\Defind.cs:line 1582
----------------------------------------------

