----------------------------------------------
09:33:41 809  On Start Service.
 Load Tasks.
 Load for user: TanySmile
 Task name: task
     Task time: 17:37
     Task type: DAILY => 
 Load for user: Test
 Task name: test
     Task time: 19:00
     Task type: DAILY => 
 Init Service Finished.
----------------------------------------------

----------------------------------------------
09:36:19 266 Get command from tool.
----------------------------------------------
 Command: [2020-03-03 09:36:18 [WFA] ReloadTask]
 Load Tasks.
 Load for user: TanySmile
 Task name: task
     Task time: 09:39
     Task type: DAILY => 
 Load for user: Test
 Task name: test
     Task time: 19:00
     Task type: DAILY => 
----------------------------------------------
09:40:09 518 Get command from tool.
----------------------------------------------
 Command: [2020-03-03 09:40:09 [WFA] ReloadTask]
 Load Tasks.
 Load for user: TanySmile
 Task name: task
     Task time: 09:42
     Task type: DAILY => 
 Load for user: Test
 Task name: test
     Task time: 19:00
     Task type: DAILY => 
----------------------------------------------
09:43:00 164  On Start Service.
 Load Tasks.
 Load for user: TanySmile
 Task name: task
     Task time: 09:42
     Task type: DAILY => 
 Load for user: Test
 Task name: test
     Task time: 19:00
     Task type: DAILY => 
 Init Service Finished.
----------------------------------------------

----------------------------------------------
09:51:41 412 Get command from tool.
----------------------------------------------
 Command: [2020-03-03 09:51:41 [WFA] ReloadTask]
 Load Tasks.
 Load for user: TanySmile
 Task name: task
     Task time: 09:52
     Task type: DAILY => 
 Load for user: Test
 Task name: test
     Task time: 19:00
     Task type: DAILY => 
----------------------------------------------
09:52:00 001 Start Task: task for user: TanySmile
----------------------------------------------
 StartInfo -> FileName -> D:\05-TEMP\Source\GitHub\ToolTCB\Transaction Statistical\bin\Debug\Transaction Statistical.exe
----------------------------------------------
 StartInfo -> Arguments -> "TanySmile" "task"
----------------------------------------------
09:52:45 601 End Task
----------------------------------------------
10:55:22 518  On Start Service.
 Load Tasks.
 Load for user: TanySmile
 Task name: task
     Task time: 10:55
     Task type: DAILY => 
 Load for user: Test
 Task name: test
     Task time: 19:00
     Task type: DAILY => 
 Init Service Finished.
----------------------------------------------

----------------------------------------------
10:55:23 066 Get command from tool.
----------------------------------------------
 Command: [2020-03-03 10:54:57 [WFA] ReloadTask]
 Load Tasks.
 Load for user: TanySmile
 Task name: task
     Task time: 10:55
     Task type: DAILY => 
 Load for user: Test
 Task name: test
     Task time: 19:00
     Task type: DAILY => 
----------------------------------------------
10:55:43 222 Get command from tool.
----------------------------------------------
 Command: [2020-03-03 10:55:43 [WFA] ReloadTask]
 Load Tasks.
 Load for user: TanySmile
 Task name: task
     Task time: 10:56
     Task type: DAILY => 
 Load for user: Test
 Task name: test
     Task time: 19:00
     Task type: DAILY => 
----------------------------------------------
10:56:00 014 Start Task: task for user: TanySmile
----------------------------------------------
 StartInfo -> FileName -> D:\05-TEMP\Source\GitHub\ToolTCB\Transaction Statistical\bin\Debug\Transaction Statistical.exe
----------------------------------------------
 StartInfo -> Arguments -> "TanySmile" "task"
----------------------------------------------
10:56:34 042 End Task
----------------------------------------------
13:04:25 714 Get command from tool.
----------------------------------------------
 Command: [2020-03-03 13:04:25 [WFA] ReloadTask]
 Load Tasks.
 Load for user: TanySmile
 Task name: task
     Task time: 10:56
     Task type: DAILY => 
 Load for user: Test
 Task name: test
     Task time: 19:00
     Task type: DAILY => 
----------------------------------------------
13:05:03 272 Get command from tool.
----------------------------------------------
 Command: [2020-03-03 13:05:03 [WFA] ReloadTask]
 Load Tasks.
 Load for user: TanySmile
 Task name: task
     Task time: 13:05
     Task type: DAILY => 
 Load for user: Test
 Task name: test
     Task time: 19:00
     Task type: DAILY => 
----------------------------------------------
13:05:20 870 Get command from tool.
----------------------------------------------
 Command: [2020-03-03 13:05:20 [WFA] ReloadTask]
 Load Tasks.
 Load for user: TanySmile
 Task name: task
     Task time: 13:06
     Task type: DAILY => 
 Load for user: Test
 Task name: test
     Task time: 19:00
     Task type: DAILY => 
----------------------------------------------
13:06:00 000 Start Task: task for user: TanySmile
----------------------------------------------
 StartInfo -> FileName -> D:\05-TEMP\Source\GitHub\ToolTCB\Transaction Statistical\bin\Debug\Transaction Statistical.exe
----------------------------------------------
 StartInfo -> Arguments -> "TanySmile" "task"
----------------------------------------------
13:06:39 482 End Task
----------------------------------------------
13:10:30 676 Get command from tool.
----------------------------------------------
 Command: [2020-03-03 13:10:30 [WFA] ReloadTask]
 Load Tasks.
 Load for user: TanySmile
 Load for user: Test
 Task name: test
     Task time: 19:00
     Task type: DAILY => 
