----------------------------------------------
10:43:57 114  On Start Service.
 Load Tasks.
 Load for user: TanySmile
 Load for user: Test
 Task name: test
     Task time: 19:00
     Task type: DAILY => 
 Init Service Finished.
----------------------------------------------

----------------------------------------------
11:51:27 568  On Start Service.
 Load Tasks.
 Load for user: TanySmile
 Load for user: Test
 Task name: test
     Task time: 19:00
     Task type: DAILY => 
 Init Service Finished.
----------------------------------------------

----------------------------------------------
11:59:27 478  On Start Service.
 Load Tasks.
 Load for user: TanySmile
 Load for user: Test
 Task name: test
     Task time: 19:00
     Task type: DAILY => 
 Init Service Finished.
----------------------------------------------

