----------------------------------------------
02:00:03 604 Class: Auto Task
   => Task name: sdasd
   => Task data: 02:00;DAILY;;1|545|D:\Export|D:\temp|[0, Cân Quỹ Theo Counter Trên Máy];[1, GD Tài Chính];[2, GD Tài Chính Không Thành Công];[3, GD Tài Chính Bất Thường];[4, BC Hoạt Động Bất Thường]
   => Template id: 545
   => Load Template Info => Successfully
   => Data source: D:\Export
----------------------------------------------
02:00:03 604 Class: Auto Task
   => Task name: test1
   => Found: 0 files
   ==> Auto end, result => Unsuccessfully
----------------------------------------------

----------------------------------------------
02:00:03 758 Class: <AutoStart>d__28
Method: MoveNext
System.IndexOutOfRangeException: There is no row at position 0.
   at System.Data.RBTree`1.GetNodeByIndex(Int32 userIndex)
   at System.Data.DataRowCollection.get_Item(Int32 index)
   at Transaction_Statistical.SQLiteHelper.GetRowDataWith2ColumnName(String TableName, String ColumnName1, String Equals1, String ColumnName2, String Equals2) in D:\05-TEMP\Source\GitHub\ToolTCB\Transaction Statistical\Class\SQLiteHelper.cs:line 1213
   at Transaction_Statistical.InitParametar.<AutoStart>d__28.MoveNext() in D:\05-TEMP\Source\GitHub\ToolTCB\Transaction Statistical\Class\Defind.cs:line 108
----------------------------------------------

There is no row at position 0.
----------------------------------------------

   ==> Auto end, result => Unsuccessfully
----------------------------------------------

----------------------------------------------
12:09:15 806 Class: MailUtility
Method: SendMail
System.FormatException: An invalid character was found in the mail header: ','.
   at System.Net.Mail.DotAtomReader.ReadReverse(String data, Int32 index)
   at System.Net.Mail.MailAddressParser.ParseDomain(String data, Int32& index)
   at System.Net.Mail.MailAddressParser.ParseAddress(String data, Boolean expectMultipleAddresses, Int32& index)
   at System.Net.Mail.MailAddressParser.ParseAddress(String data)
   at System.Net.Mail.MailAddress..ctor(String address, String displayName, Encoding displayNameEncoding)
   at System.Net.Mail.MailAddress..ctor(String address, String displayName)
   at Transaction_Statistical.MailUtility.SendMail(MailMessage msg) in D:\05-TEMP\Source\GitHub\ToolTCB\Transaction Statistical\Class\MailUtility.cs:line 46
----------------------------------------------

----------------------------------------------
13:26:06 447 Class: MailUtility
Method: SendMail
System.FormatException: An invalid character was found in the mail header: ','.
   at System.Net.Mail.DotAtomReader.ReadReverse(String data, Int32 index)
   at System.Net.Mail.MailAddressParser.ParseDomain(String data, Int32& index)
   at System.Net.Mail.MailAddressParser.ParseAddress(String data, Boolean expectMultipleAddresses, Int32& index)
   at System.Net.Mail.MailAddressParser.ParseAddress(String data)
   at System.Net.Mail.MailAddress..ctor(String address, String displayName, Encoding displayNameEncoding)
   at System.Net.Mail.MailAddress..ctor(String address, String displayName)
   at Transaction_Statistical.MailUtility.SendMail(MailMessage msg) in D:\05-TEMP\Source\GitHub\ToolTCB\Transaction Statistical\Class\MailUtility.cs:line 46
----------------------------------------------

----------------------------------------------
13:27:05 729 Class: MailUtility
Method: SendMail
System.FormatException: An invalid character was found in the mail header: ','.
   at System.Net.Mail.DotAtomReader.ReadReverse(String data, Int32 index)
   at System.Net.Mail.MailAddressParser.ParseDomain(String data, Int32& index)
   at System.Net.Mail.MailAddressParser.ParseAddress(String data, Boolean expectMultipleAddresses, Int32& index)
   at System.Net.Mail.MailAddressParser.ParseAddress(String data)
   at System.Net.Mail.MailAddress..ctor(String address, String displayName, Encoding displayNameEncoding)
   at System.Net.Mail.MailAddress..ctor(String address, String displayName)
   at Transaction_Statistical.MailUtility.SendMail(MailMessage msg) in D:\05-TEMP\Source\GitHub\ToolTCB\Transaction Statistical\Class\MailUtility.cs:line 46
----------------------------------------------

----------------------------------------------
13:27:59 888 Class: MailUtility
Method: SendMail
System.FormatException: An invalid character was found in the mail header: ','.
   at System.Net.Mail.DotAtomReader.ReadReverse(String data, Int32 index)
   at System.Net.Mail.MailAddressParser.ParseDomain(String data, Int32& index)
   at System.Net.Mail.MailAddressParser.ParseAddress(String data, Boolean expectMultipleAddresses, Int32& index)
   at System.Net.Mail.MailAddressParser.ParseAddress(String data)
   at System.Net.Mail.MailAddress..ctor(String address, String displayName, Encoding displayNameEncoding)
   at System.Net.Mail.MailAddress..ctor(String address, String displayName)
   at Transaction_Statistical.MailUtility.SendMail(MailMessage msg) in D:\05-TEMP\Source\GitHub\ToolTCB\Transaction Statistical\Class\MailUtility.cs:line 46
----------------------------------------------

----------------------------------------------
13:30:23 293 Class: MailUtility
Method: SendMail
System.Net.Mail.SmtpException: The operation has timed out.
   at System.Net.Mail.SmtpClient.Send(MailMessage message)
   at Transaction_Statistical.MailUtility.SendMail(MailMessage msg) in D:\05-TEMP\Source\GitHub\ToolTCB\Transaction Statistical\Class\MailUtility.cs:line 49
----------------------------------------------

----------------------------------------------
13:38:49 142 Class: MailUtility
Method: SendMail
System.Net.Mail.SmtpException: The operation has timed out.
   at System.Net.Mail.SmtpClient.Send(MailMessage message)
   at Transaction_Statistical.MailUtility.SendMail(MailMessage msg) in D:\05-TEMP\Source\GitHub\ToolTCB\Transaction Statistical\Class\MailUtility.cs:line 49
----------------------------------------------

----------------------------------------------
13:41:01 057 Class: MailUtility
Method: SendMail
System.Net.Mail.SmtpException: The operation has timed out.
   at System.Net.Mail.SmtpClient.Send(MailMessage message)
   at Transaction_Statistical.MailUtility.SendMail(MailMessage msg) in D:\05-TEMP\Source\GitHub\ToolTCB\Transaction Statistical\Class\MailUtility.cs:line 49
----------------------------------------------

----------------------------------------------
13:46:15 719 Class: MailUtility
Method: SendMail
System.Net.Mail.SmtpException: The operation has timed out.
   at System.Net.Mail.SmtpClient.Send(MailMessage message)
   at Transaction_Statistical.MailUtility.SendMail(MailMessage msg) in D:\05-TEMP\Source\GitHub\ToolTCB\Transaction Statistical\Class\MailUtility.cs:line 49
----------------------------------------------

----------------------------------------------
14:02:04 254 Class: UC_RegisterLicense
Method: btn_Send_Click
System.IndexOutOfRangeException: There is no row at position 0.
   at System.Data.RBTree`1.GetNodeByIndex(Int32 userIndex)
   at System.Data.DataRowCollection.get_Item(Int32 index)
   at Transaction_Statistical.SQLiteHelper.GetRowDataWithColumnName(String TableName, String ColumnName, String Equals) in D:\05-TEMP\Source\GitHub\ToolTCB\Transaction Statistical\Class\SQLiteHelper.cs:line 1056
   at Transaction_Statistical.UControl.UC_RegisterLicense.btn_Send_Click(Object sender, EventArgs e) in D:\05-TEMP\Source\GitHub\ToolTCB\Transaction Statistical\UControl\UC_RegisterLicense.cs:line 90
----------------------------------------------

----------------------------------------------
14:02:08 621 Class: UC_RegisterLicense
Method: btn_Send_Click
System.IndexOutOfRangeException: There is no row at position 0.
   at System.Data.RBTree`1.GetNodeByIndex(Int32 userIndex)
   at System.Data.DataRowCollection.get_Item(Int32 index)
   at Transaction_Statistical.SQLiteHelper.GetRowDataWithColumnName(String TableName, String ColumnName, String Equals) in D:\05-TEMP\Source\GitHub\ToolTCB\Transaction Statistical\Class\SQLiteHelper.cs:line 1056
   at Transaction_Statistical.UControl.UC_RegisterLicense.btn_Send_Click(Object sender, EventArgs e) in D:\05-TEMP\Source\GitHub\ToolTCB\Transaction Statistical\UControl\UC_RegisterLicense.cs:line 90
----------------------------------------------

----------------------------------------------
14:02:40 733 Class: UC_RegisterLicense
Method: btn_Send_Click
System.IndexOutOfRangeException: There is no row at position 0.
   at System.Data.RBTree`1.GetNodeByIndex(Int32 userIndex)
   at System.Data.DataRowCollection.get_Item(Int32 index)
   at Transaction_Statistical.SQLiteHelper.GetRowDataWithColumnName(String TableName, String ColumnName, String Equals) in D:\05-TEMP\Source\GitHub\ToolTCB\Transaction Statistical\Class\SQLiteHelper.cs:line 1056
   at Transaction_Statistical.UControl.UC_RegisterLicense.btn_Send_Click(Object sender, EventArgs e) in D:\05-TEMP\Source\GitHub\ToolTCB\Transaction Statistical\UControl\UC_RegisterLicense.cs:line 90
----------------------------------------------

----------------------------------------------
14:03:12 283 Class: UC_RegisterLicense
Method: btn_Send_Click
System.FormatException: Input string was not in a correct format.
   at System.Number.StringToNumber(String str, NumberStyles options, NumberBuffer& number, NumberFormatInfo info, Boolean parseDecimal)
   at System.Number.ParseInt32(String s, NumberStyles style, NumberFormatInfo info)
   at System.Int32.Parse(String s)
   at Transaction_Statistical.MailUtility.SendMail(MailMessage msg) in D:\05-TEMP\Source\GitHub\ToolTCB\Transaction Statistical\Class\MailUtility.cs:line 24
   at Transaction_Statistical.UControl.UC_RegisterLicense.btn_Send_Click(Object sender, EventArgs e) in D:\05-TEMP\Source\GitHub\ToolTCB\Transaction Statistical\UControl\UC_RegisterLicense.cs:line 96
----------------------------------------------

----------------------------------------------
14:04:53 169 Class: UC_RegisterLicense
Method: btn_Send_Click
System.FormatException: Input string was not in a correct format.
   at System.Number.StringToNumber(String str, NumberStyles options, NumberBuffer& number, NumberFormatInfo info, Boolean parseDecimal)
   at System.Number.ParseInt32(String s, NumberStyles style, NumberFormatInfo info)
   at System.Int32.Parse(String s)
   at Transaction_Statistical.MailUtility.SendMail(MailMessage msg) in D:\05-TEMP\Source\GitHub\ToolTCB\Transaction Statistical\Class\MailUtility.cs:line 24
   at Transaction_Statistical.UControl.UC_RegisterLicense.btn_Send_Click(Object sender, EventArgs e) in D:\05-TEMP\Source\GitHub\ToolTCB\Transaction Statistical\UControl\UC_RegisterLicense.cs:line 96
----------------------------------------------

----------------------------------------------
14:06:01 666 Class: Auto Task
   => Task name: Test
----------------------------------------------
14:06:01 685 Class: <AutoStart>d__28
Method: MoveNext
System.IndexOutOfRangeException: There is no row at position 0.
   at System.Data.RBTree`1.GetNodeByIndex(Int32 userIndex)
   at System.Data.DataRowCollection.get_Item(Int32 index)
   at Transaction_Statistical.SQLiteHelper.GetRowDataWith2ColumnName(String TableName, String ColumnName1, String Equals1, String ColumnName2, String Equals2) in D:\05-TEMP\Source\GitHub\ToolTCB\Transaction Statistical\Class\SQLiteHelper.cs:line 1213
   at Transaction_Statistical.InitParametar.<AutoStart>d__28.MoveNext() in D:\05-TEMP\Source\GitHub\ToolTCB\Transaction Statistical\Class\Defind.cs:line 108
----------------------------------------------

There is no row at position 0.
----------------------------------------------

   ==> Auto end, result => Unsuccessfully
----------------------------------------------

----------------------------------------------
22:51:33 497 Class: UC_Licensing
Method: License_Create
System.IO.IOException: The process cannot access the file 'E:\TransactionStatistical.lic' because it is being used by another process.
   at System.IO.__Error.WinIOError(Int32 errorCode, String maybeFullPath)
   at System.IO.FileStream.Init(String path, FileMode mode, FileAccess access, Int32 rights, Boolean useRights, FileShare share, Int32 bufferSize, FileOptions options, SECURITY_ATTRIBUTES secAttrs, String msgPath, Boolean bFromProxy, Boolean useLongPath, Boolean checkHost)
   at System.IO.FileStream..ctor(String path, FileMode mode, FileAccess access, FileShare share, Int32 bufferSize, FileOptions options, String msgPath, Boolean bFromProxy, Boolean useLongPath, Boolean checkHost)
   at System.IO.StreamWriter.CreateFile(String path, Boolean append, Boolean checkHost)
   at System.IO.StreamWriter..ctor(String path, Boolean append, Encoding encoding, Int32 bufferSize, Boolean checkHost)
   at System.IO.StreamWriter..ctor(String path, Boolean append)
   at Transaction_Statistical.UControl.UC_Licensing.License_Create(String LicenseFile)
----------------------------------------------

----------------------------------------------
22:51:50 838 Class: UC_Licensing
Method: License_Create
System.IO.IOException: The process cannot access the file 'E:\TransactionStatistical.lic' because it is being used by another process.
   at System.IO.__Error.WinIOError(Int32 errorCode, String maybeFullPath)
   at System.IO.File.InternalDelete(String path, Boolean checkHost)
   at System.IO.File.Delete(String path)
   at Transaction_Statistical.UControl.UC_Licensing.License_Create(String LicenseFile)
----------------------------------------------

----------------------------------------------
22:58:38 840 Class: InitParametar
Method: License_ReadInfo
System.NullReferenceException: Object reference not set to an instance of an object.
   at Transaction_Statistical.InitParametar.License_ReadInfo()
----------------------------------------------

----------------------------------------------
22:59:54 113 Class: InitParametar
Method: License_Update
System.IO.IOException: The process cannot access the file 'D:\05-TEMP\Source\GitHub\ToolTCB\Transaction Statistical\bin\Debug\TransactionStatistical.lic' because it is being used by another process.
   at System.IO.__Error.WinIOError(Int32 errorCode, String maybeFullPath)
   at System.IO.FileStream.Init(String path, FileMode mode, FileAccess access, Int32 rights, Boolean useRights, FileShare share, Int32 bufferSize, FileOptions options, SECURITY_ATTRIBUTES secAttrs, String msgPath, Boolean bFromProxy, Boolean useLongPath, Boolean checkHost)
   at System.IO.FileStream..ctor(String path, FileMode mode, FileAccess access, FileShare share, Int32 bufferSize, FileOptions options, String msgPath, Boolean bFromProxy, Boolean useLongPath, Boolean checkHost)
   at System.IO.StreamWriter.CreateFile(String path, Boolean append, Boolean checkHost)
   at System.IO.StreamWriter..ctor(String path, Boolean append, Encoding encoding, Int32 bufferSize, Boolean checkHost)
   at System.IO.StreamWriter..ctor(String path, Boolean append)
   at Transaction_Statistical.InitParametar.License_Update() in D:\05-TEMP\Source\GitHub\ToolTCB\Transaction Statistical\Class\Defind.cs:line 326
----------------------------------------------

----------------------------------------------
23:01:42 272 Class: InitParametar
Method: License_ReadInfo
System.IndexOutOfRangeException: Index was outside the bounds of the array.
   at Transaction_Statistical.InitParametar.License_ReadInfo() in D:\05-TEMP\Source\GitHub\ToolTCB\Transaction Statistical\Class\Defind.cs:line 291
----------------------------------------------

----------------------------------------------
23:02:41 267 Class: InitParametar
Method: License_ReadInfo
System.IndexOutOfRangeException: Index was outside the bounds of the array.
   at Transaction_Statistical.InitParametar.License_ReadInfo() in D:\05-TEMP\Source\GitHub\ToolTCB\Transaction Statistical\Class\Defind.cs:line 291
----------------------------------------------

----------------------------------------------
23:03:47 039 Class: InitParametar
Method: License_ReadInfo
System.IndexOutOfRangeException: Index was outside the bounds of the array.
   at Transaction_Statistical.InitParametar.License_ReadInfo() in D:\05-TEMP\Source\GitHub\ToolTCB\Transaction Statistical\Class\Defind.cs:line 291
----------------------------------------------

----------------------------------------------
23:04:24 054 Class: InitParametar
Method: License_Update
System.IO.IOException: The process cannot access the file 'D:\05-TEMP\Source\GitHub\ToolTCB\Transaction Statistical\bin\Debug\TransactionStatistical.lic' because it is being used by another process.
   at System.IO.__Error.WinIOError(Int32 errorCode, String maybeFullPath)
   at System.IO.FileStream.Init(String path, FileMode mode, FileAccess access, Int32 rights, Boolean useRights, FileShare share, Int32 bufferSize, FileOptions options, SECURITY_ATTRIBUTES secAttrs, String msgPath, Boolean bFromProxy, Boolean useLongPath, Boolean checkHost)
   at System.IO.FileStream..ctor(String path, FileMode mode, FileAccess access, FileShare share, Int32 bufferSize, FileOptions options, String msgPath, Boolean bFromProxy, Boolean useLongPath, Boolean checkHost)
   at System.IO.StreamWriter.CreateFile(String path, Boolean append, Boolean checkHost)
   at System.IO.StreamWriter..ctor(String path, Boolean append, Encoding encoding, Int32 bufferSize, Boolean checkHost)
   at System.IO.StreamWriter..ctor(String path, Boolean append)
   at Transaction_Statistical.InitParametar.License_Update() in D:\05-TEMP\Source\GitHub\ToolTCB\Transaction Statistical\Class\Defind.cs:line 327
----------------------------------------------

----------------------------------------------
23:04:32 820 Class: InitParametar
Method: License_ReadInfo
System.IndexOutOfRangeException: Index was outside the bounds of the array.
   at Transaction_Statistical.InitParametar.License_ReadInfo() in D:\05-TEMP\Source\GitHub\ToolTCB\Transaction Statistical\Class\Defind.cs:line 291
----------------------------------------------

----------------------------------------------
23:05:45 761 Class: InitParametar
Method: License_Update
System.Security.Cryptography.CryptographicException: Specified key is not a valid size for this algorithm.
   at System.Security.Cryptography.TripleDES.set_Key(Byte[] value)
   at Transaction_Statistical.Algorithm_TripleDES.Encrypt(String toEncrypt, String KEY_Master, Boolean useHashing) in D:\05-TEMP\Source\GitHub\ToolTCB\Transaction Statistical\Class\Defind.cs:line 1758
   at Transaction_Statistical.InitParametar.License_Update() in D:\05-TEMP\Source\GitHub\ToolTCB\Transaction Statistical\Class\Defind.cs:line 327
----------------------------------------------

----------------------------------------------
23:07:51 545 Class: InitParametar
Method: License_ReadInfo
System.FormatException: The input is not a valid Base-64 string as it contains a non-base 64 character, more than two padding characters, or an illegal character among the padding characters. 
   at System.Convert.FromBase64_Decode(Char* startInputPtr, Int32 inputLength, Byte* startDestPtr, Int32 destLength)
   at System.Convert.FromBase64CharPtr(Char* inputPtr, Int32 inputLength)
   at System.Convert.FromBase64String(String s)
   at ManagedAes.Decrypt(String cipherText, String EncryptionKey) in D:\05-TEMP\Source\GitHub\ToolTCB\Transaction Statistical\Class\Aes.cs:line 33
   at Transaction_Statistical.InitParametar.License_ReadInfo() in D:\05-TEMP\Source\GitHub\ToolTCB\Transaction Statistical\Class\Defind.cs:line 286
----------------------------------------------

----------------------------------------------
23:17:08 235 Class: InitParametar
Method: License_ReadInfo
System.FormatException: The input is not a valid Base-64 string as it contains a non-base 64 character, more than two padding characters, or an illegal character among the padding characters. 
   at System.Convert.FromBase64_Decode(Char* startInputPtr, Int32 inputLength, Byte* startDestPtr, Int32 destLength)
   at System.Convert.FromBase64CharPtr(Char* inputPtr, Int32 inputLength)
   at System.Convert.FromBase64String(String s)
   at ManagedAes.Decrypt(String cipherText, String EncryptionKey) in D:\05-TEMP\Source\GitHub\ToolTCB\Transaction Statistical\Class\Aes.cs:line 33
   at Transaction_Statistical.InitParametar.License_ReadInfo() in D:\05-TEMP\Source\GitHub\ToolTCB\Transaction Statistical\Class\Defind.cs:line 286
----------------------------------------------

