----------------------------------------------
14:02:12 383 Class: InitParametar
Method: Init
System.DllNotFoundException: Unable to load DLL 'SQLite.Interop.dll': The specified module could not be found. (Exception from HRESULT: 0x8007007E)
   at System.Data.SQLite.UnsafeNativeMethods.sqlite3_config_none(SQLiteConfigOpsEnum op)
   at System.Data.SQLite.SQLite3.StaticIsInitialized()
   at System.Data.SQLite.SQLiteLog.Initialize(String className)
   at System.Data.SQLite.SQLiteConnection..ctor(String connectionString, Boolean parseViaFramework)
   at System.Data.SQLite.SQLiteConnection..ctor()
   at Transaction_Statistical.SQLiteHelper..ctor() in E:\Project\NPS\TCB\ToolTCB\Transaction Statistical\Class\SQLiteHelper.cs:line 130
   at Transaction_Statistical.InitParametar.Init() in E:\Project\NPS\TCB\ToolTCB\Transaction Statistical\Class\Defind.cs:line 102
----------------------------------------------

----------------------------------------------
14:02:17 027 Class: InitParametar
Method: Init
System.DllNotFoundException: Unable to load DLL 'SQLite.Interop.dll': The specified module could not be found. (Exception from HRESULT: 0x8007007E)
   at System.Data.SQLite.UnsafeNativeMethods.sqlite3_config_none(SQLiteConfigOpsEnum op)
   at System.Data.SQLite.SQLite3.StaticIsInitialized()
   at System.Data.SQLite.SQLiteLog.Initialize(String className)
   at System.Data.SQLite.SQLiteConnection..ctor(String connectionString, Boolean parseViaFramework)
   at System.Data.SQLite.SQLiteConnection..ctor()
   at Transaction_Statistical.SQLiteHelper..ctor() in E:\Project\NPS\TCB\ToolTCB\Transaction Statistical\Class\SQLiteHelper.cs:line 130
   at Transaction_Statistical.InitParametar.Init() in E:\Project\NPS\TCB\ToolTCB\Transaction Statistical\Class\Defind.cs:line 102
----------------------------------------------

